SF:lib/core/network/api_response.dart
DA:7,2
DA:12,2
LF:2
LH:2
end_of_record
SF:lib/features/hotels/data/datasources/hotel_local_data_source.dart
DA:18,0
DA:19,0
DA:20,0
DA:23,0
DA:25,0
DA:26,0
DA:27,0
DA:30,0
DA:33,0
DA:34,0
DA:36,0
DA:37,0
DA:38,0
DA:40,0
DA:45,0
DA:47,0
DA:48,0
DA:49,0
LF:18
LH:0
end_of_record
SF:lib/features/hotels/data/datasources/hotel_remote_data_source.dart
DA:24,1
DA:32,1
DA:34,2
DA:36,1
DA:37,0
DA:41,1
DA:42,2
DA:43,1
DA:44,2
DA:45,2
DA:46,1
DA:48,2
DA:49,1
DA:50,2
DA:53,2
DA:55,1
DA:57,1
DA:59,1
DA:61,1
DA:63,2
DA:66,3
LF:21
LH:20
end_of_record
SF:lib/features/hotels/data/models/hotels_data_model.dart
DA:8,2
DA:13,1
DA:14,1
DA:15,1
DA:16,3
DA:17,1
DA:18,1
DA:19,3
DA:20,1
DA:24,0
DA:25,0
DA:26,0
DA:27,0
LF:13
LH:9
end_of_record
SF:lib/features/hotels/data/repositories/hotel_repository_impl.dart
DA:14,1
DA:16,1
DA:18,2
DA:21,2
DA:22,1
DA:23,2
DA:26,1
DA:28,1
DA:31,1
DA:32,1
DA:33,2
DA:34,0
DA:35,0
DA:36,0
DA:37,0
DA:38,0
DA:39,0
DA:40,0
DA:41,0
DA:42,0
DA:43,0
DA:44,0
DA:45,0
DA:46,0
DA:47,0
DA:48,0
DA:49,0
DA:50,0
DA:51,0
DA:52,0
DA:53,0
DA:54,0
DA:55,0
DA:56,0
DA:57,0
DA:58,0
DA:60,0
DA:62,1
DA:63,2
DA:64,0
DA:65,0
DA:66,0
DA:67,0
DA:68,0
DA:70,1
LF:45
LH:14
end_of_record
SF:lib/features/hotels/domain/entities/hotels_data.dart
DA:8,3
LF:1
LH:1
end_of_record
SF:lib/features/hotels/domain/entities/hotel.dart
DA:5,0
DA:20,1
DA:41,0
DA:54,0
DA:61,0
LF:5
LH:1
end_of_record
SF:lib/core/error/app_exception.dart
DA:5,1
DA:7,0
DA:8,0
LF:3
LH:1
end_of_record
SF:lib/features/hotels/domain/entities/filter.dart
DA:5,0
DA:12,0
LF:2
LH:0
end_of_record
SF:lib/core/network/fake_http_client.dart
DA:8,0
DA:10,0
DA:13,0
DA:15,0
DA:16,0
DA:18,0
DA:23,0
DA:24,0
DA:27,0
LF:9
LH:0
end_of_record
SF:lib/core/network/http_ssl_pinning.dart
DA:5,0
DA:6,0
DA:8,0
DA:9,0
DA:14,0
LF:5
LH:0
end_of_record
SF:lib/features/hotels/data/models/filter_group_model.dart
DA:5,1
DA:7,1
DA:8,1
DA:9,1
DA:10,1
DA:14,0
DA:15,0
DA:16,0
DA:17,0
DA:26,1
DA:31,1
DA:32,1
DA:33,1
DA:34,1
DA:35,3
DA:36,1
DA:39,0
DA:40,0
DA:41,0
DA:42,0
LF:20
LH:12
end_of_record
SF:lib/features/hotels/data/models/hotel_model.dart
DA:7,1
DA:9,1
DA:10,1
DA:11,1
DA:12,1
DA:16,0
DA:17,0
DA:18,0
DA:19,0
DA:38,1
DA:51,1
DA:52,1
DA:53,1
DA:54,1
DA:55,1
DA:56,1
DA:57,1
DA:58,3
DA:59,1
DA:60,1
DA:61,3
DA:62,1
DA:63,3
DA:64,0
DA:66,1
DA:67,5
DA:69,1
DA:70,1
DA:71,3
DA:72,1
DA:73,0
DA:74,1
DA:78,0
DA:79,0
DA:80,0
DA:81,0
DA:82,0
DA:83,0
DA:84,0
DA:85,0
DA:86,0
DA:87,0
DA:88,0
DA:90,0
DA:91,0
LF:45
LH:26
end_of_record
SF:lib/features/hotels/data/models/hotel_thing_model.dart
DA:4,1
DA:6,1
DA:7,2
DA:10,0
DA:11,0
DA:12,0
DA:22,1
DA:24,1
DA:25,1
DA:26,1
DA:27,1
DA:28,1
DA:30,1
DA:34,0
DA:35,0
DA:36,0
DA:37,0
DA:49,1
DA:57,1
DA:58,1
DA:59,1
DA:60,1
DA:61,1
DA:62,1
DA:63,1
DA:64,2
DA:65,3
DA:66,1
DA:67,1
DA:69,1
DA:70,1
DA:71,3
DA:72,4
DA:73,1
DA:78,0
DA:79,0
DA:80,0
DA:81,0
DA:82,0
DA:83,0
DA:84,0
LF:41
LH:27
end_of_record
SF:lib/features/hotels/domain/usecases/get_hotels_data.dart
DA:7,1
DA:9,1
DA:10,2
LF:3
LH:3
end_of_record
SF:lib/features/hotels/presentation/viewmodels/hotel_viewmodel.dart
DA:11,1
DA:29,2
DA:30,2
DA:31,0
DA:32,0
DA:34,2
DA:35,0
DA:36,0
DA:37,2
DA:38,0
DA:41,1
DA:42,1
DA:43,1
DA:44,1
DA:45,1
DA:48,3
DA:49,2
DA:50,2
DA:51,2
DA:52,2
DA:53,4
DA:55,1
DA:56,1
DA:59,1
DA:60,1
DA:64,0
DA:65,0
DA:67,0
DA:68,0
DA:71,0
DA:72,0
DA:73,0
DA:74,0
DA:75,0
DA:77,0
DA:78,0
DA:81,0
DA:82,0
DA:86,0
DA:87,0
DA:88,0
DA:91,0
DA:92,0
DA:93,0
DA:95,0
DA:97,0
DA:100,0
DA:101,0
DA:102,0
DA:103,0
DA:106,0
DA:107,0
DA:108,0
DA:110,0
DA:111,0
DA:112,0
DA:113,0
DA:115,0
DA:118,1
DA:119,3
DA:120,2
DA:121,2
DA:124,0
DA:126,0
LF:64
LH:24
end_of_record
SF:lib/features/hotels/presentation/widgets/hotel_card.dart
DA:12,1
DA:13,1
DA:15,1
DA:16,1
DA:23,1
DA:25,1
DA:26,2
DA:29,1
DA:31,2
DA:32,1
DA:35,0
DA:36,0
DA:39,1
DA:41,2
DA:42,1
DA:44,1
DA:45,3
DA:46,1
DA:47,0
DA:48,0
DA:49,0
DA:50,0
DA:54,1
DA:56,1
DA:58,1
DA:59,1
DA:60,1
DA:61,1
DA:62,1
DA:65,1
DA:67,1
DA:68,1
DA:69,1
DA:70,1
DA:71,1
DA:72,1
DA:73,1
DA:74,1
DA:77,2
DA:78,1
DA:82,0
DA:83,0
DA:90,1
DA:92,1
DA:94,3
DA:95,1
DA:98,2
DA:100,1
DA:101,2
DA:104,1
DA:119,1
DA:121,1
DA:122,1
DA:130,1
DA:132,1
DA:133,1
LF:56
LH:48
end_of_record
SF:lib/core/constants/app_keys.dart
DA:4,3
LF:1
LH:1
end_of_record
SF:lib/features/hotels/presentation/pages/hotel_detail_page.dart
DA:8,0
DA:10,0
DA:11,0
DA:18,0
DA:20,0
DA:21,0
DA:24,0
DA:26,0
DA:27,0
DA:30,0
DA:32,0
DA:34,0
DA:35,0
DA:36,0
DA:37,0
DA:43,0
DA:44,0
DA:49,0
DA:50,0
DA:52,0
DA:53,0
DA:54,0
DA:55,0
DA:56,0
DA:57,0
DA:59,0
DA:60,0
DA:61,0
DA:62,0
DA:63,0
DA:65,0
DA:66,0
DA:69,0
DA:70,0
DA:79,0
DA:82,0
DA:83,0
DA:92,0
DA:96,0
DA:98,0
DA:99,0
DA:100,0
DA:105,0
DA:107,0
DA:119,0
DA:120,0
DA:122,0
DA:124,0
DA:125,0
DA:127,0
DA:128,0
DA:129,0
DA:131,0
DA:132,0
DA:134,0
DA:135,0
DA:138,0
DA:139,0
DA:140,0
DA:149,0
DA:150,0
DA:152,0
DA:156,0
DA:160,0
DA:161,0
DA:163,0
DA:165,0
DA:166,0
DA:172,0
DA:174,0
DA:180,0
DA:181,0
DA:183,0
DA:185,0
DA:187,0
DA:188,0
DA:189,0
DA:190,0
DA:196,0
DA:197,0
DA:200,0
DA:201,0
DA:202,0
DA:204,0
DA:205,0
DA:213,0
DA:214,0
DA:216,0
DA:217,0
DA:222,0
DA:223,0
DA:224,0
DA:225,0
DA:226,0
DA:228,0
DA:230,0
DA:232,0
DA:239,0
DA:240,0
DA:242,0
DA:244,0
DA:246,0
DA:247,0
DA:248,0
DA:249,0
DA:250,0
DA:252,0
DA:253,0
DA:254,0
DA:255,0
DA:256,0
DA:260,0
DA:263,0
DA:266,0
DA:269,0
DA:274,0
DA:275,0
DA:277,0
DA:279,0
DA:280,0
DA:293,0
LF:121
LH:0
end_of_record
SF:lib/features/hotels/presentation/widgets/CachedImage.dart
DA:15,0
DA:22,0
DA:24,0
DA:26,0
DA:27,0
DA:28,0
DA:30,0
DA:32,0
DA:33,0
DA:34,0
DA:44,0
DA:46,0
DA:47,0
DA:48,0
DA:49,0
DA:50,0
DA:51,0
DA:52,0
DA:53,0
DA:54,0
DA:55,0
DA:56,0
DA:57,0
DA:61,0
DA:65,0
DA:66,0
DA:67,0
DA:69,0
DA:76,0
DA:77,0
DA:78,0
DA:79,0
DA:81,0
LF:33
LH:0
end_of_record
